2024-03-24 13:14:25,061 [Worker-6: Loading available Gradle versions] INFO  o.e.b.c.i.u.g.PublishedGradleVersions - Gradle version information cache is out-of-date. Trying to update.
2024-03-24 13:15:05,944 [Worker-7: Launching mavenrun-a2047a25-9fc4-43dc-a9e5-c0fb80e9f36a] INFO  o.eclipse.m2e.core.internal.Bundles - getClasspathEntries(Bundle=org.eclipse.m2e.maven.runtime_3.9.600.20231203-1234 [348])
2024-03-24 13:15:05,946 [Worker-7: Launching mavenrun-a2047a25-9fc4-43dc-a9e5-c0fb80e9f36a] INFO  o.eclipse.m2e.core.internal.Bundles - 	Entry: /home/lenovo/Downloads/spring-tool-suite-4-4.22.0.RELEASE-e4.31.0-linux.gtk.x86_64/sts-4.22.0.RELEASE/plugins/org.eclipse.m2e.maven.runtime_3.9.600.20231203-1234
2024-03-24 13:15:05,946 [Worker-7: Launching mavenrun-a2047a25-9fc4-43dc-a9e5-c0fb80e9f36a] INFO  o.eclipse.m2e.core.internal.Bundles - 	Entry: /home/lenovo/Downloads/spring-tool-suite-4-4.22.0.RELEASE-e4.31.0-linux.gtk.x86_64/sts-4.22.0.RELEASE/plugins/org.eclipse.m2e.maven.runtime_3.9.600.20231203-1234/jars/aopalliance-1.0.jar
2024-03-24 13:15:05,946 [Worker-7: Launching mavenrun-a2047a25-9fc4-43dc-a9e5-c0fb80e9f36a] INFO  o.eclipse.m2e.core.internal.Bundles - 	Entry: /home/lenovo/Downloads/spring-tool-suite-4-4.22.0.RELEASE-e4.31.0-linux.gtk.x86_64/sts-4.22.0.RELEASE/plugins/org.eclipse.m2e.maven.runtime_3.9.600.20231203-1234/jars/guice-5.1.0.jar
2024-03-24 13:15:05,947 [Worker-7: Launching mavenrun-a2047a25-9fc4-43dc-a9e5-c0fb80e9f36a] INFO  o.eclipse.m2e.core.internal.Bundles - 	Entry: /home/lenovo/Downloads/spring-tool-suite-4-4.22.0.RELEASE-e4.31.0-linux.gtk.x86_64/sts-4.22.0.RELEASE/plugins/org.eclipse.m2e.maven.runtime_3.9.600.20231203-1234/jars/httpclient-4.5.14.jar
2024-03-24 13:15:05,947 [Worker-7: Launching mavenrun-a2047a25-9fc4-43dc-a9e5-c0fb80e9f36a] INFO  o.eclipse.m2e.core.internal.Bundles - 	Entry: /home/lenovo/Downloads/spring-tool-suite-4-4.22.0.RELEASE-e4.31.0-linux.gtk.x86_64/sts-4.22.0.RELEASE/plugins/org.eclipse.m2e.maven.runtime_3.9.600.20231203-1234/jars/httpcore-4.4.16.jar
2024-03-24 13:15:05,947 [Worker-7: Launching mavenrun-a2047a25-9fc4-43dc-a9e5-c0fb80e9f36a] INFO  o.eclipse.m2e.core.internal.Bundles - 	Entry: /home/lenovo/Downloads/spring-tool-suite-4-4.22.0.RELEASE-e4.31.0-linux.gtk.x86_64/sts-4.22.0.RELEASE/plugins/org.eclipse.m2e.maven.runtime_3.9.600.20231203-1234/jars/jansi-2.4.0.jar
2024-03-24 13:15:05,947 [Worker-7: Launching mavenrun-a2047a25-9fc4-43dc-a9e5-c0fb80e9f36a] INFO  o.eclipse.m2e.core.internal.Bundles - 	Entry: /home/lenovo/Downloads/spring-tool-suite-4-4.22.0.RELEASE-e4.31.0-linux.gtk.x86_64/sts-4.22.0.RELEASE/plugins/org.eclipse.m2e.maven.runtime_3.9.600.20231203-1234/jars/jcl-over-slf4j-1.7.36.jar
2024-03-24 13:15:05,947 [Worker-7: Launching mavenrun-a2047a25-9fc4-43dc-a9e5-c0fb80e9f36a] INFO  o.eclipse.m2e.core.internal.Bundles - 	Entry: /home/lenovo/Downloads/spring-tool-suite-4-4.22.0.RELEASE-e4.31.0-linux.gtk.x86_64/sts-4.22.0.RELEASE/plugins/org.eclipse.m2e.maven.runtime_3.9.600.20231203-1234/jars/maven-artifact-3.9.6.jar
2024-03-24 13:15:05,947 [Worker-7: Launching mavenrun-a2047a25-9fc4-43dc-a9e5-c0fb80e9f36a] INFO  o.eclipse.m2e.core.internal.Bundles - 	Entry: /home/lenovo/Downloads/spring-tool-suite-4-4.22.0.RELEASE-e4.31.0-linux.gtk.x86_64/sts-4.22.0.RELEASE/plugins/org.eclipse.m2e.maven.runtime_3.9.600.20231203-1234/jars/maven-builder-support-3.9.6.jar
2024-03-24 13:15:05,947 [Worker-7: Launching mavenrun-a2047a25-9fc4-43dc-a9e5-c0fb80e9f36a] INFO  o.eclipse.m2e.core.internal.Bundles - 	Entry: /home/lenovo/Downloads/spring-tool-suite-4-4.22.0.RELEASE-e4.31.0-linux.gtk.x86_64/sts-4.22.0.RELEASE/plugins/org.eclipse.m2e.maven.runtime_3.9.600.20231203-1234/jars/maven-compat-3.9.6.jar
2024-03-24 13:15:05,947 [Worker-7: Launching mavenrun-a2047a25-9fc4-43dc-a9e5-c0fb80e9f36a] INFO  o.eclipse.m2e.core.internal.Bundles - 	Entry: /home/lenovo/Downloads/spring-tool-suite-4-4.22.0.RELEASE-e4.31.0-linux.gtk.x86_64/sts-4.22.0.RELEASE/plugins/org.eclipse.m2e.maven.runtime_3.9.600.20231203-1234/jars/maven-core-3.9.6.jar
2024-03-24 13:15:05,947 [Worker-7: Launching mavenrun-a2047a25-9fc4-43dc-a9e5-c0fb80e9f36a] INFO  o.eclipse.m2e.core.internal.Bundles - 	Entry: /home/lenovo/Downloads/spring-tool-suite-4-4.22.0.RELEASE-e4.31.0-linux.gtk.x86_64/sts-4.22.0.RELEASE/plugins/org.eclipse.m2e.maven.runtime_3.9.600.20231203-1234/jars/maven-embedder-3.9.6.jar
2024-03-24 13:15:05,947 [Worker-7: Launching mavenrun-a2047a25-9fc4-43dc-a9e5-c0fb80e9f36a] INFO  o.eclipse.m2e.core.internal.Bundles - 	Entry: /home/lenovo/Downloads/spring-tool-suite-4-4.22.0.RELEASE-e4.31.0-linux.gtk.x86_64/sts-4.22.0.RELEASE/plugins/org.eclipse.m2e.maven.runtime_3.9.600.20231203-1234/jars/maven-model-3.9.6.jar
2024-03-24 13:15:05,948 [Worker-7: Launching mavenrun-a2047a25-9fc4-43dc-a9e5-c0fb80e9f36a] INFO  o.eclipse.m2e.core.internal.Bundles - 	Entry: /home/lenovo/Downloads/spring-tool-suite-4-4.22.0.RELEASE-e4.31.0-linux.gtk.x86_64/sts-4.22.0.RELEASE/plugins/org.eclipse.m2e.maven.runtime_3.9.600.20231203-1234/jars/maven-model-builder-3.9.6.jar
2024-03-24 13:15:05,948 [Worker-7: Launching mavenrun-a2047a25-9fc4-43dc-a9e5-c0fb80e9f36a] INFO  o.eclipse.m2e.core.internal.Bundles - 	Entry: /home/lenovo/Downloads/spring-tool-suite-4-4.22.0.RELEASE-e4.31.0-linux.gtk.x86_64/sts-4.22.0.RELEASE/plugins/org.eclipse.m2e.maven.runtime_3.9.600.20231203-1234/jars/maven-plugin-api-3.9.6.jar
2024-03-24 13:15:05,948 [Worker-7: Launching mavenrun-a2047a25-9fc4-43dc-a9e5-c0fb80e9f36a] INFO  o.eclipse.m2e.core.internal.Bundles - 	Entry: /home/lenovo/Downloads/spring-tool-suite-4-4.22.0.RELEASE-e4.31.0-linux.gtk.x86_64/sts-4.22.0.RELEASE/plugins/org.eclipse.m2e.maven.runtime_3.9.600.20231203-1234/jars/maven-repository-metadata-3.9.6.jar
2024-03-24 13:15:05,948 [Worker-7: Launching mavenrun-a2047a25-9fc4-43dc-a9e5-c0fb80e9f36a] INFO  o.eclipse.m2e.core.internal.Bundles - 	Entry: /home/lenovo/Downloads/spring-tool-suite-4-4.22.0.RELEASE-e4.31.0-linux.gtk.x86_64/sts-4.22.0.RELEASE/plugins/org.eclipse.m2e.maven.runtime_3.9.600.20231203-1234/jars/maven-resolver-api-1.9.18.jar
2024-03-24 13:15:05,948 [Worker-7: Launching mavenrun-a2047a25-9fc4-43dc-a9e5-c0fb80e9f36a] INFO  o.eclipse.m2e.core.internal.Bundles - 	Entry: /home/lenovo/Downloads/spring-tool-suite-4-4.22.0.RELEASE-e4.31.0-linux.gtk.x86_64/sts-4.22.0.RELEASE/plugins/org.eclipse.m2e.maven.runtime_3.9.600.20231203-1234/jars/maven-resolver-connector-basic-1.9.18.jar
2024-03-24 13:15:05,948 [Worker-7: Launching mavenrun-a2047a25-9fc4-43dc-a9e5-c0fb80e9f36a] INFO  o.eclipse.m2e.core.internal.Bundles - 	Entry: /home/lenovo/Downloads/spring-tool-suite-4-4.22.0.RELEASE-e4.31.0-linux.gtk.x86_64/sts-4.22.0.RELEASE/plugins/org.eclipse.m2e.maven.runtime_3.9.600.20231203-1234/jars/maven-resolver-impl-1.9.18.jar
2024-03-24 13:15:05,948 [Worker-7: Launching mavenrun-a2047a25-9fc4-43dc-a9e5-c0fb80e9f36a] INFO  o.eclipse.m2e.core.internal.Bundles - 	Entry: /home/lenovo/Downloads/spring-tool-suite-4-4.22.0.RELEASE-e4.31.0-linux.gtk.x86_64/sts-4.22.0.RELEASE/plugins/org.eclipse.m2e.maven.runtime_3.9.600.20231203-1234/jars/maven-resolver-named-locks-1.9.18.jar
2024-03-24 13:15:05,949 [Worker-7: Launching mavenrun-a2047a25-9fc4-43dc-a9e5-c0fb80e9f36a] INFO  o.eclipse.m2e.core.internal.Bundles - 	Entry: /home/lenovo/Downloads/spring-tool-suite-4-4.22.0.RELEASE-e4.31.0-linux.gtk.x86_64/sts-4.22.0.RELEASE/plugins/org.eclipse.m2e.maven.runtime_3.9.600.20231203-1234/jars/maven-resolver-provider-3.9.6.jar
2024-03-24 13:15:05,949 [Worker-7: Launching mavenrun-a2047a25-9fc4-43dc-a9e5-c0fb80e9f36a] INFO  o.eclipse.m2e.core.internal.Bundles - 	Entry: /home/lenovo/Downloads/spring-tool-suite-4-4.22.0.RELEASE-e4.31.0-linux.gtk.x86_64/sts-4.22.0.RELEASE/plugins/org.eclipse.m2e.maven.runtime_3.9.600.20231203-1234/jars/maven-resolver-spi-1.9.18.jar
2024-03-24 13:15:05,949 [Worker-7: Launching mavenrun-a2047a25-9fc4-43dc-a9e5-c0fb80e9f36a] INFO  o.eclipse.m2e.core.internal.Bundles - 	Entry: /home/lenovo/Downloads/spring-tool-suite-4-4.22.0.RELEASE-e4.31.0-linux.gtk.x86_64/sts-4.22.0.RELEASE/plugins/org.eclipse.m2e.maven.runtime_3.9.600.20231203-1234/jars/maven-resolver-transport-file-1.9.18.jar
2024-03-24 13:15:05,949 [Worker-7: Launching mavenrun-a2047a25-9fc4-43dc-a9e5-c0fb80e9f36a] INFO  o.eclipse.m2e.core.internal.Bundles - 	Entry: /home/lenovo/Downloads/spring-tool-suite-4-4.22.0.RELEASE-e4.31.0-linux.gtk.x86_64/sts-4.22.0.RELEASE/plugins/org.eclipse.m2e.maven.runtime_3.9.600.20231203-1234/jars/maven-resolver-transport-http-1.9.18.jar
2024-03-24 13:15:05,949 [Worker-7: Launching mavenrun-a2047a25-9fc4-43dc-a9e5-c0fb80e9f36a] INFO  o.eclipse.m2e.core.internal.Bundles - 	Entry: /home/lenovo/Downloads/spring-tool-suite-4-4.22.0.RELEASE-e4.31.0-linux.gtk.x86_64/sts-4.22.0.RELEASE/plugins/org.eclipse.m2e.maven.runtime_3.9.600.20231203-1234/jars/maven-resolver-transport-wagon-1.9.18.jar
2024-03-24 13:15:05,949 [Worker-7: Launching mavenrun-a2047a25-9fc4-43dc-a9e5-c0fb80e9f36a] INFO  o.eclipse.m2e.core.internal.Bundles - 	Entry: /home/lenovo/Downloads/spring-tool-suite-4-4.22.0.RELEASE-e4.31.0-linux.gtk.x86_64/sts-4.22.0.RELEASE/plugins/org.eclipse.m2e.maven.runtime_3.9.600.20231203-1234/jars/maven-resolver-util-1.9.18.jar
2024-03-24 13:15:05,949 [Worker-7: Launching mavenrun-a2047a25-9fc4-43dc-a9e5-c0fb80e9f36a] INFO  o.eclipse.m2e.core.internal.Bundles - 	Entry: /home/lenovo/Downloads/spring-tool-suite-4-4.22.0.RELEASE-e4.31.0-linux.gtk.x86_64/sts-4.22.0.RELEASE/plugins/org.eclipse.m2e.maven.runtime_3.9.600.20231203-1234/jars/maven-settings-3.9.6.jar
2024-03-24 13:15:05,949 [Worker-7: Launching mavenrun-a2047a25-9fc4-43dc-a9e5-c0fb80e9f36a] INFO  o.eclipse.m2e.core.internal.Bundles - 	Entry: /home/lenovo/Downloads/spring-tool-suite-4-4.22.0.RELEASE-e4.31.0-linux.gtk.x86_64/sts-4.22.0.RELEASE/plugins/org.eclipse.m2e.maven.runtime_3.9.600.20231203-1234/jars/maven-settings-builder-3.9.6.jar
2024-03-24 13:15:05,949 [Worker-7: Launching mavenrun-a2047a25-9fc4-43dc-a9e5-c0fb80e9f36a] INFO  o.eclipse.m2e.core.internal.Bundles - 	Entry: /home/lenovo/Downloads/spring-tool-suite-4-4.22.0.RELEASE-e4.31.0-linux.gtk.x86_64/sts-4.22.0.RELEASE/plugins/org.eclipse.m2e.maven.runtime_3.9.600.20231203-1234/jars/maven-shared-utils-3.3.4.jar
2024-03-24 13:15:05,949 [Worker-7: Launching mavenrun-a2047a25-9fc4-43dc-a9e5-c0fb80e9f36a] INFO  o.eclipse.m2e.core.internal.Bundles - 	Entry: /home/lenovo/Downloads/spring-tool-suite-4-4.22.0.RELEASE-e4.31.0-linux.gtk.x86_64/sts-4.22.0.RELEASE/plugins/org.eclipse.m2e.maven.runtime_3.9.600.20231203-1234/jars/org.eclipse.sisu.inject-0.9.0.M2.jar
2024-03-24 13:15:05,949 [Worker-7: Launching mavenrun-a2047a25-9fc4-43dc-a9e5-c0fb80e9f36a] INFO  o.eclipse.m2e.core.internal.Bundles - 	Entry: /home/lenovo/Downloads/spring-tool-suite-4-4.22.0.RELEASE-e4.31.0-linux.gtk.x86_64/sts-4.22.0.RELEASE/plugins/org.eclipse.m2e.maven.runtime_3.9.600.20231203-1234/jars/org.eclipse.sisu.plexus-0.9.0.M2.jar
2024-03-24 13:15:05,950 [Worker-7: Launching mavenrun-a2047a25-9fc4-43dc-a9e5-c0fb80e9f36a] INFO  o.eclipse.m2e.core.internal.Bundles - 	Entry: /home/lenovo/Downloads/spring-tool-suite-4-4.22.0.RELEASE-e4.31.0-linux.gtk.x86_64/sts-4.22.0.RELEASE/plugins/org.eclipse.m2e.maven.runtime_3.9.600.20231203-1234/jars/plexus-build-api-0.0.7.jar
2024-03-24 13:15:05,950 [Worker-7: Launching mavenrun-a2047a25-9fc4-43dc-a9e5-c0fb80e9f36a] INFO  o.eclipse.m2e.core.internal.Bundles - 	Entry: /home/lenovo/Downloads/spring-tool-suite-4-4.22.0.RELEASE-e4.31.0-linux.gtk.x86_64/sts-4.22.0.RELEASE/plugins/org.eclipse.m2e.maven.runtime_3.9.600.20231203-1234/jars/plexus-cipher-2.0.jar
2024-03-24 13:15:05,950 [Worker-7: Launching mavenrun-a2047a25-9fc4-43dc-a9e5-c0fb80e9f36a] INFO  o.eclipse.m2e.core.internal.Bundles - 	Entry: /home/lenovo/Downloads/spring-tool-suite-4-4.22.0.RELEASE-e4.31.0-linux.gtk.x86_64/sts-4.22.0.RELEASE/plugins/org.eclipse.m2e.maven.runtime_3.9.600.20231203-1234/jars/plexus-classworlds-2.7.0.jar
2024-03-24 13:15:05,950 [Worker-7: Launching mavenrun-a2047a25-9fc4-43dc-a9e5-c0fb80e9f36a] INFO  o.eclipse.m2e.core.internal.Bundles - 	Entry: /home/lenovo/Downloads/spring-tool-suite-4-4.22.0.RELEASE-e4.31.0-linux.gtk.x86_64/sts-4.22.0.RELEASE/plugins/org.eclipse.m2e.maven.runtime_3.9.600.20231203-1234/jars/plexus-component-annotations-2.1.0.jar
2024-03-24 13:15:05,950 [Worker-7: Launching mavenrun-a2047a25-9fc4-43dc-a9e5-c0fb80e9f36a] INFO  o.eclipse.m2e.core.internal.Bundles - 	Entry: /home/lenovo/Downloads/spring-tool-suite-4-4.22.0.RELEASE-e4.31.0-linux.gtk.x86_64/sts-4.22.0.RELEASE/plugins/org.eclipse.m2e.maven.runtime_3.9.600.20231203-1234/jars/plexus-interpolation-1.26.jar
2024-03-24 13:15:05,950 [Worker-7: Launching mavenrun-a2047a25-9fc4-43dc-a9e5-c0fb80e9f36a] INFO  o.eclipse.m2e.core.internal.Bundles - 	Entry: /home/lenovo/Downloads/spring-tool-suite-4-4.22.0.RELEASE-e4.31.0-linux.gtk.x86_64/sts-4.22.0.RELEASE/plugins/org.eclipse.m2e.maven.runtime_3.9.600.20231203-1234/jars/plexus-sec-dispatcher-2.0.jar
2024-03-24 13:15:05,950 [Worker-7: Launching mavenrun-a2047a25-9fc4-43dc-a9e5-c0fb80e9f36a] INFO  o.eclipse.m2e.core.internal.Bundles - 	Entry: /home/lenovo/Downloads/spring-tool-suite-4-4.22.0.RELEASE-e4.31.0-linux.gtk.x86_64/sts-4.22.0.RELEASE/plugins/org.eclipse.m2e.maven.runtime_3.9.600.20231203-1234/jars/plexus-utils-3.5.1.jar
2024-03-24 13:15:05,950 [Worker-7: Launching mavenrun-a2047a25-9fc4-43dc-a9e5-c0fb80e9f36a] INFO  o.eclipse.m2e.core.internal.Bundles - 	Entry: /home/lenovo/Downloads/spring-tool-suite-4-4.22.0.RELEASE-e4.31.0-linux.gtk.x86_64/sts-4.22.0.RELEASE/plugins/org.eclipse.m2e.maven.runtime_3.9.600.20231203-1234/jars/wagon-file-3.5.3.jar
2024-03-24 13:15:05,950 [Worker-7: Launching mavenrun-a2047a25-9fc4-43dc-a9e5-c0fb80e9f36a] INFO  o.eclipse.m2e.core.internal.Bundles - 	Entry: /home/lenovo/Downloads/spring-tool-suite-4-4.22.0.RELEASE-e4.31.0-linux.gtk.x86_64/sts-4.22.0.RELEASE/plugins/org.eclipse.m2e.maven.runtime_3.9.600.20231203-1234/jars/wagon-http-3.5.3.jar
2024-03-24 13:15:05,950 [Worker-7: Launching mavenrun-a2047a25-9fc4-43dc-a9e5-c0fb80e9f36a] INFO  o.eclipse.m2e.core.internal.Bundles - 	Entry: /home/lenovo/Downloads/spring-tool-suite-4-4.22.0.RELEASE-e4.31.0-linux.gtk.x86_64/sts-4.22.0.RELEASE/plugins/org.eclipse.m2e.maven.runtime_3.9.600.20231203-1234/jars/wagon-http-shared-3.5.3.jar
2024-03-24 13:15:05,950 [Worker-7: Launching mavenrun-a2047a25-9fc4-43dc-a9e5-c0fb80e9f36a] INFO  o.eclipse.m2e.core.internal.Bundles - 	Entry: /home/lenovo/Downloads/spring-tool-suite-4-4.22.0.RELEASE-e4.31.0-linux.gtk.x86_64/sts-4.22.0.RELEASE/plugins/org.eclipse.m2e.maven.runtime_3.9.600.20231203-1234/jars/wagon-provider-api-3.5.3.jar
2024-03-24 13:15:05,952 [Worker-7: Launching mavenrun-a2047a25-9fc4-43dc-a9e5-c0fb80e9f36a] INFO  o.eclipse.m2e.core.internal.Bundles - getClasspathEntries(Bundle=com.google.guava_33.0.0.jre [27])
2024-03-24 13:15:05,952 [Worker-7: Launching mavenrun-a2047a25-9fc4-43dc-a9e5-c0fb80e9f36a] INFO  o.eclipse.m2e.core.internal.Bundles - 	Entry: /home/lenovo/Downloads/spring-tool-suite-4-4.22.0.RELEASE-e4.31.0-linux.gtk.x86_64/sts-4.22.0.RELEASE/plugins/com.google.guava_33.0.0.jre.jar
2024-03-24 13:15:05,952 [Worker-7: Launching mavenrun-a2047a25-9fc4-43dc-a9e5-c0fb80e9f36a] INFO  o.eclipse.m2e.core.internal.Bundles - getClasspathEntries(Bundle=slf4j.api_2.0.12 [576])
2024-03-24 13:15:05,952 [Worker-7: Launching mavenrun-a2047a25-9fc4-43dc-a9e5-c0fb80e9f36a] INFO  o.eclipse.m2e.core.internal.Bundles - 	Entry: /home/lenovo/Downloads/spring-tool-suite-4-4.22.0.RELEASE-e4.31.0-linux.gtk.x86_64/sts-4.22.0.RELEASE/plugins/slf4j.api_2.0.12.jar
2024-03-24 13:15:05,952 [Worker-7: Launching mavenrun-a2047a25-9fc4-43dc-a9e5-c0fb80e9f36a] INFO  o.eclipse.m2e.core.internal.Bundles - getClasspathEntries(Bundle=jakarta.inject.jakarta.inject-api_1.0.5 [44])
2024-03-24 13:15:05,952 [Worker-7: Launching mavenrun-a2047a25-9fc4-43dc-a9e5-c0fb80e9f36a] INFO  o.eclipse.m2e.core.internal.Bundles - 	Entry: /home/lenovo/Downloads/spring-tool-suite-4-4.22.0.RELEASE-e4.31.0-linux.gtk.x86_64/sts-4.22.0.RELEASE/plugins/jakarta.inject.jakarta.inject-api_1.0.5.jar
2024-03-24 13:15:05,952 [Worker-7: Launching mavenrun-a2047a25-9fc4-43dc-a9e5-c0fb80e9f36a] INFO  o.eclipse.m2e.core.internal.Bundles - getClasspathEntries(Bundle=jakarta.annotation-api_1.3.5 [40])
2024-03-24 13:15:05,952 [Worker-7: Launching mavenrun-a2047a25-9fc4-43dc-a9e5-c0fb80e9f36a] INFO  o.eclipse.m2e.core.internal.Bundles - 	Entry: /home/lenovo/Downloads/spring-tool-suite-4-4.22.0.RELEASE-e4.31.0-linux.gtk.x86_64/sts-4.22.0.RELEASE/plugins/jakarta.annotation-api_1.3.5.jar
2024-03-24 13:15:05,952 [Worker-7: Launching mavenrun-a2047a25-9fc4-43dc-a9e5-c0fb80e9f36a] INFO  o.eclipse.m2e.core.internal.Bundles - getClasspathEntries(Bundle=org.apache.commons.cli_1.6.0 [75])
2024-03-24 13:15:05,953 [Worker-7: Launching mavenrun-a2047a25-9fc4-43dc-a9e5-c0fb80e9f36a] INFO  o.eclipse.m2e.core.internal.Bundles - 	Entry: /home/lenovo/Downloads/spring-tool-suite-4-4.22.0.RELEASE-e4.31.0-linux.gtk.x86_64/sts-4.22.0.RELEASE/plugins/org.apache.commons.cli_1.6.0.jar
2024-03-24 13:15:05,953 [Worker-7: Launching mavenrun-a2047a25-9fc4-43dc-a9e5-c0fb80e9f36a] INFO  o.eclipse.m2e.core.internal.Bundles - getClasspathEntries(Bundle=org.apache.commons.commons-codec_1.16.0 [77])
2024-03-24 13:15:05,953 [Worker-7: Launching mavenrun-a2047a25-9fc4-43dc-a9e5-c0fb80e9f36a] INFO  o.eclipse.m2e.core.internal.Bundles - 	Entry: /home/lenovo/Downloads/spring-tool-suite-4-4.22.0.RELEASE-e4.31.0-linux.gtk.x86_64/sts-4.22.0.RELEASE/plugins/org.apache.commons.commons-codec_1.16.0.jar
2024-03-24 13:15:05,953 [Worker-7: Launching mavenrun-a2047a25-9fc4-43dc-a9e5-c0fb80e9f36a] INFO  o.eclipse.m2e.core.internal.Bundles - getClasspathEntries(Bundle=org.apache.commons.lang3_3.14.0 [81])
2024-03-24 13:15:05,953 [Worker-7: Launching mavenrun-a2047a25-9fc4-43dc-a9e5-c0fb80e9f36a] INFO  o.eclipse.m2e.core.internal.Bundles - 	Entry: /home/lenovo/Downloads/spring-tool-suite-4-4.22.0.RELEASE-e4.31.0-linux.gtk.x86_64/sts-4.22.0.RELEASE/plugins/org.apache.commons.lang3_3.14.0.jar
2024-03-24 13:15:05,953 [Worker-7: Launching mavenrun-a2047a25-9fc4-43dc-a9e5-c0fb80e9f36a] INFO  o.eclipse.m2e.core.internal.Bundles - getClasspathEntries(Bundle=com.google.guava.failureaccess_1.0.2 [29])
2024-03-24 13:15:05,953 [Worker-7: Launching mavenrun-a2047a25-9fc4-43dc-a9e5-c0fb80e9f36a] INFO  o.eclipse.m2e.core.internal.Bundles - 	Entry: /home/lenovo/Downloads/spring-tool-suite-4-4.22.0.RELEASE-e4.31.0-linux.gtk.x86_64/sts-4.22.0.RELEASE/plugins/com.google.guava.failureaccess_1.0.2.jar
2024-03-24 13:15:05,959 [Worker-7: Launching mavenrun-a2047a25-9fc4-43dc-a9e5-c0fb80e9f36a] INFO  o.e.m.i.launch.MavenLaunchDelegate - Run build in "/tmp/m2e-archetypeGenerator16010125195774210730":
2024-03-24 13:15:05,962 [Worker-7: Launching mavenrun-a2047a25-9fc4-43dc-a9e5-c0fb80e9f36a] INFO  o.e.m.i.launch.MavenLaunchDelegate -  mvn  -DarchetypeGroupId=org.apache.maven.archetypes -DarchetypeArtifactId=maven-archetype-quickstart -DarchetypeVersion=1.1 -DgroupId=com.cs -DartifactId=spring-core-xml -Dversion=0.0.1-SNAPSHOT -Dpackage=com.cs.spring_core_xml -DoutputDirectory=/home/lenovo/eclipse-workspace/spring-basic-work/24-03-2024 -Dstyle.color=always -U archetype:generate
2024-03-24 13:15:18,251 [Worker-4: Creating maven-archetype-quickstart] INFO  o.e.m.c.i.p.ProjectConfigurationManager - Collecting project info '/pom.xml' /home/lenovo/eclipse-workspace/spring-basic-work/24-03-2024/spring-core-xml/pom.xml
2024-03-24 13:15:18,678 [Worker-4: Creating maven-archetype-quickstart] INFO  o.e.m.c.i.l.LifecycleMappingFactory - Using org.eclipse.m2e.jdt.JarLifecycleMapping lifecycle mapping for MavenProject: com.cs:spring-core-xml:0.0.1-SNAPSHOT @ /home/lenovo/eclipse-workspace/spring-basic-work/24-03-2024/spring-core-xml/pom.xml.
2024-03-24 13:15:19,195 [Worker-4: Creating maven-archetype-quickstart] INFO  o.e.m.j.i.AbstractJavaProjectConfigurator - Adding source folder /spring-core-xml/src/main/java
2024-03-24 13:15:19,197 [Worker-4: Creating maven-archetype-quickstart] INFO  o.e.m.j.i.AbstractJavaProjectConfigurator - Adding resource folder /spring-core-xml/src/main/resources
2024-03-24 13:15:19,199 [Worker-4: Creating maven-archetype-quickstart] INFO  o.e.m.j.i.AbstractJavaProjectConfigurator - Adding source folder /spring-core-xml/src/test/java
2024-03-24 13:15:19,200 [Worker-4: Creating maven-archetype-quickstart] INFO  o.e.m.j.i.AbstractJavaProjectConfigurator - Adding resource folder /spring-core-xml/src/test/resources
2024-03-24 13:15:19,293 [Worker-4: Creating maven-archetype-quickstart] INFO  o.e.m.c.i.p.ProjectConfigurationManager - Imported and configured 1 project(s) in 1 sec
2024-03-24 13:15:20,127 [Worker-3: Building] INFO  o.a.m.s.f.DefaultMavenResourcesFiltering - skip non existing resourceDirectory /home/lenovo/eclipse-workspace/spring-basic-work/24-03-2024/spring-core-xml/src/main/resources
2024-03-24 13:15:20,132 [Worker-3: Building] INFO  o.a.m.s.f.DefaultMavenResourcesFiltering - skip non existing resourceDirectory /home/lenovo/eclipse-workspace/spring-basic-work/24-03-2024/spring-core-xml/src/test/resources
